autoscan: warning: missing AC_CHECK_FUNCS([clock_gettime]) wanted by: 
	kernel/drivers/rtc/old/rtc.cpp:38
	kernel/drivers/rtc/old/rtc.cpp:88
autoscan: warning: missing AC_CHECK_FUNCS([dup2]) wanted by: 
	include/api/fs.h:59
	disk/usr/include/api/fs.h:59
	kernel/fs/fcntl.c:68
	qlibc/api/fs.c:271
	qlibc/include/api/fs.h:59
autoscan: warning: missing AC_CHECK_FUNCS([fchdir]) wanted by: 
	format/format.c:498
autoscan: warning: missing AC_CHECK_FUNCS([ftruncate]) wanted by: 
	include/api/fs.h:49
	disk/usr/include/api/fs.h:49
	kernel/fs/open.c:299
	qlibc/api/fs.c:163
	qlibc/include/api/fs.h:49
autoscan: warning: missing AC_CHECK_FUNCS([getcwd]) wanted by: 
	shell/func.c:73
	include/api/fs.h:47
	disk/usr/include/api/fs.h:47
	kernel/fs/open.c:245
	qlibc/api/fs.c:145
	qlibc/include/api/fs.h:47
	edit/console.c:110
autoscan: warning: missing AC_CHECK_FUNCS([mkdir]) wanted by: 
	include/api/fs.h:42
	disk/usr/include/api/fs.h:42
	coreutils/mkdir.c:39
	kernel/fs/namei.c:601
	kernel/fs/namei.c:628
	qlibc/api/fs.c:96
	qlibc/include/api/fs.h:42
autoscan: warning: missing AC_CHECK_FUNCS([munmap]) wanted by: 
	kernel/mm/umem.c:202
autoscan: warning: missing AC_CHECK_FUNCS([rmdir]) wanted by: 
	include/api/fs.h:43
	disk/usr/include/api/fs.h:43
	coreutils/rmdir.c:39
	kernel/fs/namei.c:641
	kernel/fs/namei.c:668
	qlibc/api/fs.c:105
	qlibc/include/api/fs.h:43
autoscan: warning: missing AC_CHECK_HEADERS([fcntl.h]) wanted by: 
	format/format.c:31
autoscan: warning: missing AC_CHECK_HEADERS([limits.h]) wanted by: 
	format/format.c:32
autoscan: warning: missing AC_CHECK_HEADERS([stdlib.h]) wanted by: 
	shell/func.c:30
	init/main.c:34
	coreutils/ls.c:31
	calc/fix.c:30
	calc/stack.c:29
	calc/parse.c:29
	calc/eval.c:30
	calc/linkedlist.c:30
	calc/solv.c:29
	format/format.c:48
	qlibc/stdlib/strto.c:30
	qlibc/stdlib/malloc.c:31
	qlibc/entry/_start.c:31
autoscan: warning: missing AC_CHECK_HEADERS([string.h]) wanted by: 
	shell/interpret.c:30
	coreutils/mknod.c:30
	calc/parse.c:30
	calc/main.c:30
	calc/solv.c:30
	format/format.c:49
	qlibc/stdio/format.c:31
	qlibc/string/string.c:29
autoscan: warning: missing AC_CHECK_HEADER_STDBOOL wanted by: 
	calc/stack.c:45
	calc/boolean.h:32
	calc/linkedlist.c:128
	calc/linkedlist.c:210
	calc/stack.h:45
	calc/linkedlist.h:51
	calc/linkedlist.h:55
	calc/stack.c:46
	calc/linkedlist.c:129
	calc/linkedlist.c:217
	calc/stack.c:46
	calc/linkedlist.c:129
	calc/linkedlist.c:214
autoscan: warning: missing AC_FUNC_FORK wanted by: 
	shell/interpret.c:95
	include/api/proc.h:35
	init/main.c:384
	init/main.c:403
	disk/usr/include/api/proc.h:35
	kernel/proc/fork.c:39
	qlibc/api/proc.c:33
	qlibc/include/api/proc.h:35
autoscan: warning: missing AC_FUNC_MALLOC wanted by: 
	include/stdlib.h:39
	init/main.c:188
	init/main.c:255
	init/main.c:256
	init/main.c:257
	init/main.c:258
	init/main.c:368
	disk/usr/include/stdlib.h:39
	coreutils/ls.c:95
	coreutils/ls.c:128
	calc/stack.c:84
	calc/parse.c:49
	calc/parse.c:87
	calc/eval.c:86
	calc/linkedlist.c:53
	calc/linkedlist.c:59
	calc/solv.c:72
	calc/solv.c:84
	calc/solv.c:90
	calc/solv.c:105
	format/format.c:119
	format/format.c:209
	format/format.c:251
	format/format.c:314
	format/format.c:354
	qlibc/include/stdlib.h:39
	qlibc/stdlib/malloc.c:34
autoscan: warning: missing AC_FUNC_MMAP wanted by: 
	include/api/mman.h:38
	init/main.c:386
	init/main.c:392
	disk/usr/include/api/mman.h:38
	kernel/fs/exec.c:181
	kernel/fs/exec.c:247
	kernel/mm/umem.c:108
	qlibc/api/mman.c:64
	qlibc/include/api/mman.h:38
autoscan: warning: missing AC_FUNC_STRTOD wanted by: 
	include/stdlib.h:38
	disk/usr/include/stdlib.h:38
	calc/parse.c:80
	qlibc/include/stdlib.h:38
	qlibc/stdlib/strto.c:56
autoscan: warning: missing AC_PROG_CC wanted by: 
	shell/io.c
	shell/interpret.h
	shell/config.h
	shell/func.h
	shell/main.c
	shell/io.h
	shell/func.c
	shell/interpret.c
	boot/config.h
	boot/bootinfo.c
	boot/diskfs.c
	boot/a20.c
	boot/main.c
	boot/cpu.c
	boot/gunzip.c
	boot/printf.c
	boot/iso9660.c
	doc/edu/lect03/cielos_c/kernel/asm.h
	doc/edu/lect03/cielos_c/kernel/Makefile:3
	doc/edu/lect03/cielos_c/kernel/main.c
	doc/edu/lect03/cielos_iso/kernel/asm.h
	doc/edu/lect03/cielos_iso/kernel/Makefile:3
	doc/edu/lect03/cielos_iso/kernel/main.c
	doc/edu/lect04/cielos/kernel/asm.h
	doc/edu/lect04/cielos/kernel/Makefile:3
	doc/edu/lect04/cielos/kernel/main.c
	doc/edu/lect04/cielos/kernel/vga.c
	doc/edu/lect05/cielos/kernel/asm.h
	doc/edu/lect05/cielos/kernel/Makefile:3
	doc/edu/lect05/cielos/kernel/main.c
	doc/edu/lect05/cielos/kernel/keyboard.c
	doc/edu/lect05/cielos/kernel/vga.c
	doc/edu/lect05/cielos/kernel/isr.c
	include/errno.h
	include/stdio.h
	include/stdarg.h
	include/ctype.h
	include/stdlib.h
	include/string.h
	include/serio/8042kbc.h
	include/std/elf.h
	include/fs/tmpfs.h
	include/fs/diskfs.h
	include/timer/8253.h
	include/video/generic.h
	include/i386/page.h
	include/i386/asm.h
	include/i386/type.h
	include/i386/stack.h
	include/i386/protect.h
	include/api/syscall.h
	include/api/mman.h
	include/api/proc.h
	include/api/fs.h
	include/pic/8259A.h
	include/tty/vtty.h
	include/mem/ramdisk.h
	include/mem/mem.h
	include/arch/page.h
	include/arch/type.h
	include/arch/stack.h
	include/lib/string.h
	include/lib/linkedlist.h
	include/sys/mm.h
	include/sys/syscall.h
	include/sys/printk.h
	include/sys/semaphore.h
	include/sys/resource.h
	include/sys/bootinfo.h
	include/sys/class.h
	include/sys/scheduler.h
	include/sys/proc.h
	include/sys/fs.h
	include/sys/device.h
	include/sys/error.h
	init/config.h
	init/main.c
	disk/usr/include/errno.h
	disk/usr/include/stdio.h
	disk/usr/include/stdarg.h
	disk/usr/include/ctype.h
	disk/usr/include/stdlib.h
	disk/usr/include/string.h
	disk/usr/include/serio/8042kbc.h
	disk/usr/include/std/elf.h
	disk/usr/include/fs/tmpfs.h
	disk/usr/include/fs/diskfs.h
	disk/usr/include/timer/8253.h
	disk/usr/include/video/generic.h
	disk/usr/include/i386/page.h
	disk/usr/include/i386/asm.h
	disk/usr/include/i386/type.h
	disk/usr/include/i386/stack.h
	disk/usr/include/i386/protect.h
	disk/usr/include/api/syscall.h
	disk/usr/include/api/mman.h
	disk/usr/include/api/proc.h
	disk/usr/include/api/fs.h
	disk/usr/include/pic/8259A.h
	disk/usr/include/tty/vtty.h
	disk/usr/include/mem/ramdisk.h
	disk/usr/include/mem/mem.h
	disk/usr/include/arch/page.h
	disk/usr/include/arch/type.h
	disk/usr/include/arch/stack.h
	disk/usr/include/lib/string.h
	disk/usr/include/lib/linkedlist.h
	disk/usr/include/sys/mm.h
	disk/usr/include/sys/syscall.h
	disk/usr/include/sys/printk.h
	disk/usr/include/sys/semaphore.h
	disk/usr/include/sys/resource.h
	disk/usr/include/sys/bootinfo.h
	disk/usr/include/sys/class.h
	disk/usr/include/sys/scheduler.h
	disk/usr/include/sys/proc.h
	disk/usr/include/sys/fs.h
	disk/usr/include/sys/device.h
	disk/usr/include/sys/error.h
	gui/prototype.c
	gui/include/gui.h
	gui/winman/winman.c
	coreutils/ls.c
	coreutils/dir.c
	coreutils/link.c
	coreutils/config.h
	coreutils/mkdir.c
	coreutils/cat.c
	coreutils/unlink.c
	coreutils/rmdir.c
	coreutils/mount.c
	coreutils/umount.c
	coreutils/mknod.c
	coreutils/rm.c
	kernel/config.h
	kernel/main.c
	kernel/klib/string.c
	kernel/klib/linkedlist.c
	kernel/drivers/resource.c
	kernel/drivers/device.c
	kernel/drivers/keyboard/ps2.c
	kernel/drivers/serio/8042kbc.c
	kernel/drivers/machine/machine.c
	kernel/drivers/genesis/root.c
	kernel/drivers/timer/8253.c
	kernel/drivers/video/vga.c
	kernel/drivers/pic/8259A.c
	kernel/drivers/tty/vtty.c
	kernel/drivers/mem/mem.c
	kernel/drivers/mem/ramdisk.c
	kernel/fs/read_write.c
	kernel/fs/exec.c
	kernel/fs/ioctl.c
	kernel/fs/diskfs.c
	kernel/fs/fcntl.c
	kernel/fs/tmpfs.c
	kernel/fs/stat.c
	kernel/fs/super.c
	kernel/fs/init.c
	kernel/fs/readdir.c
	kernel/fs/namei.c
	kernel/fs/inode.c
	kernel/fs/open.c
	kernel/include/serio/8042kbc.h
	kernel/include/std/elf.h
	kernel/include/fs/tmpfs.h
	kernel/include/fs/diskfs.h
	kernel/include/timer/8253.h
	kernel/include/video/generic.h
	kernel/include/i386/page.h
	kernel/include/i386/asm.h
	kernel/include/i386/type.h
	kernel/include/i386/stack.h
	kernel/include/i386/protect.h
	kernel/include/pic/8259A.h
	kernel/include/tty/vtty.h
	kernel/include/mem/ramdisk.h
	kernel/include/mem/mem.h
	kernel/include/arch/page.h
	kernel/include/arch/type.h
	kernel/include/arch/stack.h
	kernel/include/lib/string.h
	kernel/include/lib/linkedlist.h
	kernel/include/sys/mm.h
	kernel/include/sys/syscall.h
	kernel/include/sys/printk.h
	kernel/include/sys/semaphore.h
	kernel/include/sys/resource.h
	kernel/include/sys/bootinfo.h
	kernel/include/sys/class.h
	kernel/include/sys/scheduler.h
	kernel/include/sys/proc.h
	kernel/include/sys/fs.h
	kernel/include/sys/device.h
	kernel/include/sys/error.h
	kernel/init/splash.c
	kernel/init/init.c
	kernel/proc/exit.c
	kernel/proc/wait.c
	kernel/proc/list.c
	kernel/proc/semaphore.c
	kernel/proc/init.c
	kernel/proc/ipc.c
	kernel/proc/fork.c
	kernel/proc/signal.c
	kernel/proc/scheduler.c
	kernel/mm/kmem.c
	kernel/mm/umem.c
	kernel/mm/init.c
	kernel/mm/pmem.c
	kernel/arch/irq.c
	kernel/arch/page.c
	kernel/arch/proc.c
	kernel/arch/protect.c
	kernel/arch/stack.c
	kernel/arch/panic.c
	kernel/arch/ibmpc.c
	kernel/arch/exception.c
	kernel/arch/svc.c
	kernel/arch/init.c
	kernel/core/idle.c
	kernel/core/syscall.c
	kernel/core/printk.c
	calc/fix.c
	calc/config.h
	calc/stack.c
	calc/parse.c
	calc/eval.c
	calc/prototype.h
	calc/main.c
	calc/boolean.h
	calc/linkedlist.c
	calc/solv.c
	calc/stack.h
	calc/token.h
	calc/linkedlist.h
	format/format.c
	qlibc/config.h
	qlibc/stdio/op.c
	qlibc/stdio/access.c
	qlibc/stdio/char.c
	qlibc/stdio/format.c
	qlibc/stdio/error.c
	qlibc/stdio/pos.c
	qlibc/stdio/streams.c
	qlibc/stdio/direct.c
	qlibc/api/syscall.c
	qlibc/api/fs.c
	qlibc/api/proc.c
	qlibc/api/mman.c
	qlibc/include/errno.h
	qlibc/include/stdio.h
	qlibc/include/stdarg.h
	qlibc/include/ctype.h
	qlibc/include/stdlib.h
	qlibc/include/string.h
	qlibc/include/api/syscall.h
	qlibc/include/api/mman.h
	qlibc/include/api/proc.h
	qlibc/include/api/fs.h
	qlibc/string/string.c
	qlibc/ctype/class.c
	qlibc/stdlib/strto.c
	qlibc/stdlib/malloc.c
	qlibc/entry/_start.c
	qlibc/errorno/errno.c
	edit/file.c
	edit/command.c
	edit/config.h
	edit/view.c
	edit/edit.c
	edit/main.c
	edit/console.c
autoscan: warning: missing AC_TYPE_INT16_T wanted by: 
	boot/gunzip.c:195
	boot/gunzip.c:668
	boot/iso9660.c:114
	boot/iso9660.c:125
	include/i386/type.h:33
	disk/usr/include/i386/type.h:33
	kernel/include/i386/type.h:33
	format/format.c:36
autoscan: warning: missing AC_TYPE_INT32_T wanted by: 
	boot/bootinfo.c:63
	boot/diskfs.c:36
	boot/diskfs.c:49
	boot/diskfs.c:57
	boot/diskfs.c:87
	boot/diskfs.c:117
	boot/diskfs.c:128
	boot/diskfs.c:129
	boot/diskfs.c:130
	boot/diskfs.c:163
	boot/diskfs.c:168
	boot/gunzip.c:45
	boot/gunzip.c:65
	boot/gunzip.c:96
	boot/gunzip.c:130
	boot/gunzip.c:130
	boot/gunzip.c:159
	boot/gunzip.c:160
	boot/gunzip.c:165
	boot/gunzip.c:169
	boot/gunzip.c:169
	boot/gunzip.c:174
	boot/gunzip.c:174
	boot/gunzip.c:179
	boot/gunzip.c:179
	boot/gunzip.c:183
	boot/gunzip.c:187
	boot/gunzip.c:191
	boot/gunzip.c:195
	boot/gunzip.c:211
	boot/gunzip.c:221
	boot/gunzip.c:254
	boot/gunzip.c:287
	boot/gunzip.c:296
	boot/gunzip.c:301
	boot/gunzip.c:304
	boot/gunzip.c:320
	boot/gunzip.c:327
	boot/gunzip.c:340
	boot/gunzip.c:346
	boot/gunzip.c:348
	boot/gunzip.c:361
	boot/gunzip.c:368
	boot/gunzip.c:368
	boot/gunzip.c:376
	boot/gunzip.c:377
	boot/gunzip.c:378
	boot/gunzip.c:431
	boot/gunzip.c:462
	boot/gunzip.c:465
	boot/gunzip.c:466
	boot/gunzip.c:467
	boot/gunzip.c:483
	boot/gunzip.c:484
	boot/gunzip.c:519
	boot/gunzip.c:543
	boot/gunzip.c:552
	boot/gunzip.c:553
	boot/gunzip.c:631
	boot/printf.c:38
	boot/printf.c:57
	boot/printf.c:73
	boot/printf.c:73
	boot/printf.c:89
	boot/printf.c:109
	boot/printf.c:110
	boot/printf.c:141
	boot/printf.c:147
	boot/printf.c:155
	boot/printf.c:155
	boot/printf.c:241
	boot/iso9660.c:53
	boot/iso9660.c:69
	boot/iso9660.c:73
	boot/iso9660.c:74
	boot/iso9660.c:101
	boot/iso9660.c:107
	include/std/elf.h:37
	include/fs/tmpfs.h:57
	include/fs/diskfs.h:119
	include/fs/diskfs.h:139
	include/fs/diskfs.h:140
	include/fs/diskfs.h:150
	include/fs/diskfs.h:156
	include/fs/diskfs.h:158
	include/fs/diskfs.h:159
	include/fs/diskfs.h:160
	include/i386/type.h:34
	include/i386/type.h:43
	include/sys/mm.h:89
	include/sys/proc.h:64
	include/sys/proc.h:85
	include/sys/proc.h:90
	include/sys/proc.h:91
	include/sys/proc.h:96
	include/sys/fs.h:111
	include/sys/fs.h:112
	include/sys/fs.h:113
	include/sys/fs.h:127
	include/sys/fs.h:134
	include/sys/fs.h:166
	include/sys/fs.h:193
	include/sys/fs.h:205
	include/sys/fs.h:205
	include/sys/fs.h:208
	include/sys/fs.h:215
	include/sys/fs.h:216
	include/sys/fs.h:219
	include/sys/error.h:34
	disk/usr/include/std/elf.h:37
	disk/usr/include/fs/tmpfs.h:57
	disk/usr/include/fs/diskfs.h:119
	disk/usr/include/fs/diskfs.h:139
	disk/usr/include/fs/diskfs.h:140
	disk/usr/include/fs/diskfs.h:150
	disk/usr/include/fs/diskfs.h:156
	disk/usr/include/fs/diskfs.h:158
	disk/usr/include/fs/diskfs.h:159
	disk/usr/include/fs/diskfs.h:160
	disk/usr/include/i386/type.h:34
	disk/usr/include/i386/type.h:43
	disk/usr/include/sys/mm.h:89
	disk/usr/include/sys/proc.h:64
	disk/usr/include/sys/proc.h:85
	disk/usr/include/sys/proc.h:90
	disk/usr/include/sys/proc.h:91
	disk/usr/include/sys/proc.h:96
	disk/usr/include/sys/fs.h:111
	disk/usr/include/sys/fs.h:112
	disk/usr/include/sys/fs.h:113
	disk/usr/include/sys/fs.h:127
	disk/usr/include/sys/fs.h:134
	disk/usr/include/sys/fs.h:166
	disk/usr/include/sys/fs.h:193
	disk/usr/include/sys/fs.h:205
	disk/usr/include/sys/fs.h:205
	disk/usr/include/sys/fs.h:208
	disk/usr/include/sys/fs.h:215
	disk/usr/include/sys/fs.h:216
	disk/usr/include/sys/fs.h:219
	disk/usr/include/sys/error.h:34
	kernel/drivers/serio/8042kbc.c:379
	kernel/drivers/video/vga.c:251
	kernel/drivers/video/vga.c:549
	kernel/drivers/pic/8259A.c:99
	kernel/drivers/tty/vtty.c:51
	kernel/drivers/tty/vtty.c:52
	kernel/drivers/tty/vtty.c:56
	kernel/drivers/tty/vtty.c:57
	kernel/drivers/tty/vtty.c:58
	kernel/drivers/tty/vtty.c:88
	kernel/drivers/tty/vtty.c:153
	kernel/fs/read_write.c:37
	kernel/fs/read_write.c:39
	kernel/fs/read_write.c:67
	kernel/fs/read_write.c:67
	kernel/fs/read_write.c:69
	kernel/fs/read_write.c:92
	kernel/fs/read_write.c:94
	kernel/fs/read_write.c:122
	kernel/fs/read_write.c:122
	kernel/fs/read_write.c:124
	kernel/fs/read_write.c:147
	kernel/fs/read_write.c:191
	kernel/fs/read_write.c:191
	kernel/fs/read_write.c:191
	kernel/fs/exec.c:40
	kernel/fs/exec.c:42
	kernel/fs/exec.c:60
	kernel/fs/exec.c:67
	kernel/fs/exec.c:88
	kernel/fs/exec.c:93
	kernel/fs/exec.c:124
	kernel/fs/exec.c:126
	kernel/fs/exec.c:224
	kernel/fs/exec.c:225
	kernel/fs/ioctl.c:37
	kernel/fs/ioctl.c:54
	kernel/fs/ioctl.c:54
	kernel/fs/diskfs.c:89
	kernel/fs/diskfs.c:103
	kernel/fs/diskfs.c:122
	kernel/fs/diskfs.c:133
	kernel/fs/diskfs.c:144
	kernel/fs/diskfs.c:152
	kernel/fs/diskfs.c:196
	kernel/fs/diskfs.c:204
	kernel/fs/diskfs.c:260
	kernel/fs/diskfs.c:261
	kernel/fs/diskfs.c:263
	kernel/fs/diskfs.c:264
	kernel/fs/diskfs.c:265
	kernel/fs/diskfs.c:342
	kernel/fs/diskfs.c:347
	kernel/fs/diskfs.c:349
	kernel/fs/diskfs.c:350
	kernel/fs/diskfs.c:351
	kernel/fs/diskfs.c:400
	kernel/fs/diskfs.c:401
	kernel/fs/diskfs.c:404
	kernel/fs/diskfs.c:405
	kernel/fs/diskfs.c:406
	kernel/fs/diskfs.c:479
	kernel/fs/diskfs.c:484
	kernel/fs/diskfs.c:486
	kernel/fs/diskfs.c:487
	kernel/fs/diskfs.c:488
	kernel/fs/diskfs.c:532
	kernel/fs/diskfs.c:545
	kernel/fs/diskfs.c:582
	kernel/fs/diskfs.c:593
	kernel/fs/diskfs.c:596
	kernel/fs/diskfs.c:673
	kernel/fs/diskfs.c:676
	kernel/fs/diskfs.c:745
	kernel/fs/diskfs.c:749
	kernel/fs/diskfs.c:750
	kernel/fs/diskfs.c:751
	kernel/fs/diskfs.c:821
	kernel/fs/diskfs.c:825
	kernel/fs/diskfs.c:826
	kernel/fs/diskfs.c:827
	kernel/fs/diskfs.c:875
	kernel/fs/diskfs.c:875
	kernel/fs/diskfs.c:875
	kernel/fs/diskfs.c:877
	kernel/fs/diskfs.c:878
	kernel/fs/diskfs.c:882
	kernel/fs/diskfs.c:965
	kernel/fs/diskfs.c:968
	kernel/fs/diskfs.c:970
	kernel/fs/diskfs.c:971
	kernel/fs/diskfs.c:972
	kernel/fs/diskfs.c:1037
	kernel/fs/diskfs.c:1041
	kernel/fs/diskfs.c:1042
	kernel/fs/diskfs.c:1043
	kernel/fs/diskfs.c:1117
	kernel/fs/diskfs.c:1117
	kernel/fs/diskfs.c:1120
	kernel/fs/diskfs.c:1121
	kernel/fs/diskfs.c:1125
	kernel/fs/diskfs.c:1220
	kernel/fs/diskfs.c:1222
	kernel/fs/diskfs.c:1223
	kernel/fs/diskfs.c:1226
	kernel/fs/diskfs.c:1338
	kernel/fs/diskfs.c:1368
	kernel/fs/diskfs.c:1382
	kernel/fs/diskfs.c:1397
	kernel/fs/diskfs.c:1397
	kernel/fs/diskfs.c:1400
	kernel/fs/diskfs.c:1401
	kernel/fs/diskfs.c:1402
	kernel/fs/diskfs.c:1404
	kernel/fs/diskfs.c:1483
	kernel/fs/diskfs.c:1483
	kernel/fs/diskfs.c:1486
	kernel/fs/diskfs.c:1487
	kernel/fs/diskfs.c:1488
	kernel/fs/diskfs.c:1490
	kernel/fs/diskfs.c:1576
	kernel/fs/diskfs.c:1588
	kernel/fs/diskfs.c:1592
	kernel/fs/diskfs.c:1657
	kernel/fs/diskfs.c:1657
	kernel/fs/diskfs.c:1673
	kernel/fs/fcntl.c:38
	kernel/fs/fcntl.c:38
	kernel/fs/fcntl.c:40
	kernel/fs/fcntl.c:68
	kernel/fs/fcntl.c:68
	kernel/fs/fcntl.c:68
	kernel/fs/fcntl.c:70
	kernel/fs/tmpfs.c:131
	kernel/fs/tmpfs.c:152
	kernel/fs/tmpfs.c:177
	kernel/fs/tmpfs.c:198
	kernel/fs/tmpfs.c:243
	kernel/fs/tmpfs.c:277
	kernel/fs/tmpfs.c:277
	kernel/fs/tmpfs.c:277
	kernel/fs/tmpfs.c:280
	kernel/fs/tmpfs.c:356
	kernel/fs/tmpfs.c:387
	kernel/fs/stat.c:52
	kernel/fs/stat.c:56
	kernel/fs/stat.c:80
	kernel/fs/stat.c:80
	kernel/fs/stat.c:97
	kernel/fs/stat.c:105
	kernel/fs/stat.c:105
	kernel/fs/super.c:50
	kernel/fs/super.c:65
	kernel/fs/super.c:77
	kernel/fs/super.c:121
	kernel/fs/super.c:197
	kernel/fs/super.c:205
	kernel/fs/readdir.c:37
	kernel/fs/readdir.c:52
	kernel/fs/readdir.c:52
	kernel/fs/namei.c:51
	kernel/fs/namei.c:70
	kernel/fs/namei.c:71
	kernel/fs/namei.c:86
	kernel/fs/namei.c:87
	kernel/fs/namei.c:100
	kernel/fs/namei.c:175
	kernel/fs/namei.c:181
	kernel/fs/namei.c:182
	kernel/fs/namei.c:183
	kernel/fs/namei.c:274
	kernel/fs/namei.c:390
	kernel/fs/namei.c:397
	kernel/fs/namei.c:430
	kernel/fs/namei.c:437
	kernel/fs/namei.c:504
	kernel/fs/namei.c:510
	kernel/fs/namei.c:561
	kernel/fs/namei.c:568
	kernel/fs/namei.c:601
	kernel/fs/namei.c:608
	kernel/fs/namei.c:641
	kernel/fs/namei.c:648
	kernel/fs/inode.c:42
	kernel/fs/inode.c:47
	kernel/fs/inode.c:50
	kernel/fs/inode.c:61
	kernel/fs/inode.c:120
	kernel/fs/open.c:39
	kernel/fs/open.c:39
	kernel/fs/open.c:41
	kernel/fs/open.c:84
	kernel/fs/open.c:86
	kernel/fs/open.c:128
	kernel/fs/open.c:128
	kernel/fs/open.c:131
	kernel/fs/open.c:158
	kernel/fs/open.c:160
	kernel/fs/open.c:188
	kernel/fs/open.c:188
	kernel/fs/open.c:190
	kernel/fs/open.c:214
	kernel/fs/open.c:217
	kernel/fs/open.c:245
	kernel/fs/open.c:245
	kernel/fs/open.c:257
	kernel/fs/open.c:267
	kernel/fs/open.c:271
	kernel/fs/open.c:299
	kernel/fs/open.c:299
	kernel/fs/open.c:301
	kernel/include/std/elf.h:37
	kernel/include/fs/tmpfs.h:57
	kernel/include/fs/diskfs.h:119
	kernel/include/fs/diskfs.h:139
	kernel/include/fs/diskfs.h:140
	kernel/include/fs/diskfs.h:150
	kernel/include/fs/diskfs.h:156
	kernel/include/fs/diskfs.h:158
	kernel/include/fs/diskfs.h:159
	kernel/include/fs/diskfs.h:160
	kernel/include/i386/type.h:34
	kernel/include/i386/type.h:43
	kernel/include/sys/mm.h:89
	kernel/include/sys/proc.h:64
	kernel/include/sys/proc.h:85
	kernel/include/sys/proc.h:90
	kernel/include/sys/proc.h:91
	kernel/include/sys/proc.h:96
	kernel/include/sys/fs.h:111
	kernel/include/sys/fs.h:112
	kernel/include/sys/fs.h:113
	kernel/include/sys/fs.h:127
	kernel/include/sys/fs.h:134
	kernel/include/sys/fs.h:166
	kernel/include/sys/fs.h:193
	kernel/include/sys/fs.h:205
	kernel/include/sys/fs.h:205
	kernel/include/sys/fs.h:208
	kernel/include/sys/fs.h:215
	kernel/include/sys/fs.h:216
	kernel/include/sys/fs.h:219
	kernel/include/sys/error.h:34
	kernel/proc/exit.c:38
	kernel/proc/exit.c:41
	kernel/proc/wait.c:37
	kernel/proc/wait.c:37
	kernel/proc/wait.c:37
	kernel/proc/wait.c:71
	kernel/proc/list.c:36
	kernel/proc/init.c:40
	kernel/proc/fork.c:39
	kernel/proc/fork.c:44
	kernel/mm/umem.c:37
	kernel/mm/umem.c:54
	kernel/mm/umem.c:79
	kernel/mm/umem.c:108
	kernel/mm/umem.c:111
	kernel/mm/umem.c:147
	kernel/mm/umem.c:194
	kernel/mm/umem.c:202
	kernel/mm/pmem.c:154
	kernel/arch/irq.c:67
	kernel/arch/irq.c:131
	kernel/arch/page.c:73
	kernel/arch/page.c:315
	kernel/arch/page.c:416
	kernel/arch/page.c:476
	kernel/arch/proc.c:37
	kernel/arch/proc.c:37
	kernel/arch/proc.c:85
	kernel/arch/proc.c:86
	kernel/arch/ibmpc.c:94
	kernel/arch/ibmpc.c:100
	kernel/arch/ibmpc.c:105
	kernel/arch/ibmpc.c:111
	kernel/arch/ibmpc.c:124
	kernel/arch/ibmpc.c:203
	kernel/core/syscall.c:37
	kernel/core/syscall.c:37
	kernel/core/syscall.c:39
	kernel/core/printk.c:53
	kernel/core/printk.c:59
	format/format.c:37
	format/format.c:57
	format/format.c:63
	format/format.c:75
	format/format.c:75
	format/format.c:81
	format/format.c:81
	format/format.c:87
	format/format.c:95
	format/format.c:100
	format/format.c:249
	format/format.c:252
	format/format.c:268
	format/format.c:315
	format/format.c:347
	format/format.c:350
	format/format.c:402
	format/format.c:537
autoscan: warning: missing AC_TYPE_INT64_T wanted by: 
	include/i386/type.h:35
	include/sys/fs.h:56
	disk/usr/include/i386/type.h:35
	disk/usr/include/sys/fs.h:56
	kernel/fs/diskfs.c:75
	kernel/fs/diskfs.c:92
	kernel/include/i386/type.h:35
	kernel/include/sys/fs.h:56
autoscan: warning: missing AC_TYPE_INT8_T wanted by: 
	include/i386/type.h:32
	disk/usr/include/i386/type.h:32
	kernel/include/i386/type.h:32
autoscan: warning: missing AC_TYPE_MODE_T wanted by: 
	include/api/fs.h:38
	include/api/fs.h:42
	include/sys/fs.h:50
	include/sys/fs.h:79
	include/sys/fs.h:135
	disk/usr/include/api/fs.h:38
	disk/usr/include/api/fs.h:42
	disk/usr/include/sys/fs.h:50
	disk/usr/include/sys/fs.h:79
	disk/usr/include/sys/fs.h:135
	kernel/fs/namei.c:390
	kernel/fs/namei.c:601
	kernel/include/sys/fs.h:50
	kernel/include/sys/fs.h:79
	kernel/include/sys/fs.h:135
	qlibc/api/fs.c:60
	qlibc/api/fs.c:96
	qlibc/include/api/fs.h:38
	qlibc/include/api/fs.h:42
autoscan: warning: missing AC_TYPE_OFF_T wanted by: 
	format/format.c:349
autoscan: warning: missing AC_TYPE_SIZE_T wanted by: 
	include/stdio.h:138
	include/stdio.h:138
	include/stdio.h:138
	include/stdio.h:139
	include/stdio.h:139
	include/stdio.h:139
	include/stdio.h:140
	include/stdio.h:140
	include/stdio.h:140
	include/stdlib.h:39
	include/string.h:35
	include/i386/type.h:42
	include/api/fs.h:50
	include/api/fs.h:51
	disk/usr/include/stdio.h:138
	disk/usr/include/stdio.h:138
	disk/usr/include/stdio.h:138
	disk/usr/include/stdio.h:139
	disk/usr/include/stdio.h:139
	disk/usr/include/stdio.h:139
	disk/usr/include/stdio.h:140
	disk/usr/include/stdio.h:140
	disk/usr/include/stdio.h:140
	disk/usr/include/stdlib.h:39
	disk/usr/include/string.h:35
	disk/usr/include/i386/type.h:42
	disk/usr/include/api/fs.h:50
	disk/usr/include/api/fs.h:51
	kernel/klib/string.c:40
	kernel/fs/read_write.c:37
	kernel/fs/read_write.c:67
	kernel/fs/read_write.c:92
	kernel/fs/read_write.c:122
	kernel/fs/exec.c:129
	kernel/include/i386/type.h:42
	qlibc/stdio/format.c:100
	qlibc/stdio/format.c:100
	qlibc/stdio/format.c:141
	qlibc/stdio/format.c:142
	qlibc/stdio/format.c:193
	qlibc/stdio/format.c:272
	qlibc/stdio/format.c:273
	qlibc/stdio/format.c:326
	qlibc/stdio/format.c:428
	qlibc/stdio/format.c:429
	qlibc/stdio/format.c:462
	qlibc/stdio/format.c:463
	qlibc/stdio/format.c:525
	qlibc/stdio/format.c:526
	qlibc/stdio/format.c:595
	qlibc/stdio/format.c:596
	qlibc/stdio/format.c:652
	qlibc/stdio/format.c:653
	qlibc/stdio/format.c:684
	qlibc/stdio/format.c:684
	qlibc/stdio/format.c:700
	qlibc/stdio/format.c:703
	qlibc/stdio/format.c:933
	qlibc/stdio/format.c:933
	qlibc/stdio/format.c:1087
	qlibc/stdio/format.c:1087
	qlibc/stdio/format.c:1106
	qlibc/stdio/format.c:1106
	qlibc/stdio/format.c:1153
	qlibc/stdio/format.c:1153
	qlibc/stdio/format.c:1220
	qlibc/stdio/format.c:1221
	qlibc/stdio/direct.c:37
	qlibc/stdio/direct.c:37
	qlibc/stdio/direct.c:37
	qlibc/stdio/direct.c:92
	qlibc/stdio/direct.c:92
	qlibc/stdio/direct.c:92
	qlibc/stdio/direct.c:100
	qlibc/stdio/direct.c:100
	qlibc/stdio/direct.c:100
	qlibc/api/fs.c:176
	qlibc/api/fs.c:185
	qlibc/include/stdio.h:138
	qlibc/include/stdio.h:138
	qlibc/include/stdio.h:138
	qlibc/include/stdio.h:139
	qlibc/include/stdio.h:139
	qlibc/include/stdio.h:139
	qlibc/include/stdio.h:140
	qlibc/include/stdio.h:140
	qlibc/include/stdio.h:140
	qlibc/include/stdlib.h:39
	qlibc/include/string.h:35
	qlibc/include/api/fs.h:50
	qlibc/include/api/fs.h:51
	qlibc/string/string.c:42
	qlibc/string/string.c:43
	qlibc/stdlib/malloc.c:34
autoscan: warning: missing AC_TYPE_SSIZE_T wanted by: 
	include/i386/type.h:43
	include/api/fs.h:50
	include/api/fs.h:51
	disk/usr/include/i386/type.h:43
	disk/usr/include/api/fs.h:50
	disk/usr/include/api/fs.h:51
	kernel/fs/read_write.c:37
	kernel/fs/read_write.c:70
	kernel/fs/read_write.c:92
	kernel/fs/read_write.c:125
	kernel/include/i386/type.h:43
	qlibc/api/fs.c:176
	qlibc/api/fs.c:185
	qlibc/include/api/fs.h:50
	qlibc/include/api/fs.h:51
autoscan: warning: missing AC_TYPE_UINT16_T wanted by: 
	boot/bootinfo.c:49
	boot/bootinfo.c:50
	boot/a20.c:47
	boot/cpu.c:41
	boot/cpu.c:46
	boot/gunzip.c:112
	boot/gunzip.c:150
	boot/gunzip.c:579
	boot/gunzip.c:645
	boot/printf.c:37
	boot/printf.c:56
	boot/printf.c:75
	boot/printf.c:186
	boot/printf.c:187
	boot/printf.c:189
	boot/printf.c:190
	boot/printf.c:194
	boot/printf.c:196
	boot/printf.c:197
	boot/printf.c:198
	boot/printf.c:200
	boot/printf.c:202
	boot/printf.c:215
	boot/printf.c:224
	boot/printf.c:225
	boot/iso9660.c:47
	boot/iso9660.c:48
	boot/iso9660.c:53
	boot/iso9660.c:63
	boot/iso9660.c:64
	boot/iso9660.c:65
	include/std/elf.h:35
	include/fs/diskfs.h:49
	include/fs/diskfs.h:54
	include/fs/diskfs.h:58
	include/i386/asm.h:59
	include/i386/type.h:38
	include/i386/stack.h:103
	include/i386/stack.h:104
	include/i386/stack.h:105
	include/i386/stack.h:106
	disk/usr/include/std/elf.h:35
	disk/usr/include/fs/diskfs.h:49
	disk/usr/include/fs/diskfs.h:54
	disk/usr/include/fs/diskfs.h:58
	disk/usr/include/i386/asm.h:59
	disk/usr/include/i386/type.h:38
	disk/usr/include/i386/stack.h:103
	disk/usr/include/i386/stack.h:104
	disk/usr/include/i386/stack.h:105
	disk/usr/include/i386/stack.h:106
	kernel/drivers/resource.c:40
	kernel/drivers/resource.c:40
	kernel/drivers/resource.c:46
	kernel/drivers/serio/8042kbc.c:96
	kernel/include/std/elf.h:35
	kernel/include/fs/diskfs.h:49
	kernel/include/fs/diskfs.h:54
	kernel/include/fs/diskfs.h:58
	kernel/include/i386/asm.h:59
	kernel/include/i386/type.h:38
	kernel/include/i386/stack.h:103
	kernel/include/i386/stack.h:104
	kernel/include/i386/stack.h:105
	kernel/include/i386/stack.h:106
	kernel/mm/pmem.c:75
	kernel/mm/pmem.c:102
	kernel/arch/protect.c:66
	kernel/arch/protect.c:76
	kernel/arch/panic.c:40
	format/format.c:41
autoscan: warning: missing AC_TYPE_UINT32_T wanted by: 
	boot/bootinfo.c:36
	boot/bootinfo.c:52
	boot/diskfs.c:37
	boot/diskfs.c:46
	boot/diskfs.c:62
	boot/diskfs.c:153
	boot/cpu.c:42
	boot/cpu.c:47
	boot/cpu.c:81
	boot/gunzip.c:39
	boot/gunzip.c:41
	boot/gunzip.c:42
	boot/gunzip.c:96
	boot/gunzip.c:98
	boot/gunzip.c:116
	boot/gunzip.c:678
	boot/printf.c:35
	boot/printf.c:54
	boot/printf.c:98
	boot/printf.c:139
	boot/printf.c:140
	boot/printf.c:146
	boot/printf.c:154
	boot/printf.c:199
	boot/printf.c:213
	boot/printf.c:214
	boot/printf.c:235
	boot/printf.c:235
	boot/printf.c:236
	boot/printf.c:237
	boot/printf.c:238
	boot/printf.c:239
	boot/printf.c:242
	boot/printf.c:301
	boot/printf.c:302
	boot/printf.c:303
	boot/printf.c:304
	boot/printf.c:305
	boot/printf.c:306
	boot/iso9660.c:32
	boot/iso9660.c:32
	boot/iso9660.c:39
	boot/iso9660.c:40
	boot/iso9660.c:41
	boot/iso9660.c:42
	boot/iso9660.c:53
	boot/iso9660.c:101
	boot/iso9660.c:104
	boot/iso9660.c:108
	boot/iso9660.c:117
	boot/iso9660.c:118
	include/serio/8042kbc.h:44
	include/serio/8042kbc.h:47
	include/serio/8042kbc.h:53
	include/std/elf.h:34
	include/std/elf.h:36
	include/std/elf.h:38
	include/fs/tmpfs.h:36
	include/fs/tmpfs.h:37
	include/fs/tmpfs.h:60
	include/fs/diskfs.h:40
	include/fs/diskfs.h:41
	include/fs/diskfs.h:42
	include/fs/diskfs.h:46
	include/fs/diskfs.h:91
	include/fs/diskfs.h:101
	include/fs/diskfs.h:159
	include/i386/page.h:72
	include/i386/page.h:78
	include/i386/page.h:79
	include/i386/page.h:80
	include/i386/asm.h:69
	include/i386/asm.h:102
	include/i386/asm.h:110
	include/i386/asm.h:118
	include/i386/asm.h:126
	include/i386/asm.h:144
	include/i386/asm.h:152
	include/i386/type.h:39
	include/i386/type.h:42
	include/i386/stack.h:108
	include/i386/stack.h:109
	include/i386/stack.h:110
	include/i386/stack.h:111
	include/i386/stack.h:112
	include/i386/stack.h:113
	include/i386/stack.h:114
	include/i386/stack.h:115
	include/i386/stack.h:117
	include/i386/stack.h:119
	include/i386/stack.h:120
	include/i386/stack.h:121
	include/i386/stack.h:122
	include/i386/stack.h:123
	include/i386/protect.h:146
	include/i386/protect.h:147
	include/i386/protect.h:148
	include/i386/protect.h:149
	include/i386/protect.h:150
	include/i386/protect.h:151
	include/i386/protect.h:152
	include/i386/protect.h:153
	include/i386/protect.h:154
	include/i386/protect.h:155
	include/i386/protect.h:156
	include/i386/protect.h:157
	include/i386/protect.h:158
	include/pic/8259A.h:33
	include/pic/8259A.h:37
	include/pic/8259A.h:38
	include/mem/ramdisk.h:32
	include/mem/ramdisk.h:33
	include/lib/string.h:37
	include/lib/linkedlist.h:36
	include/sys/mm.h:41
	include/sys/mm.h:42
	include/sys/mm.h:74
	include/sys/mm.h:75
	include/sys/mm.h:81
	include/sys/mm.h:87
	include/sys/mm.h:98
	include/sys/mm.h:99
	include/sys/mm.h:105
	include/sys/mm.h:106
	include/sys/mm.h:107
	include/sys/mm.h:124
	include/sys/resource.h:42
	include/sys/resource.h:45
	include/sys/resource.h:46
	include/sys/resource.h:49
	include/sys/resource.h:50
	include/sys/resource.h:53
	include/sys/resource.h:54
	include/sys/resource.h:57
	include/sys/resource.h:58
	include/sys/resource.h:65
	include/sys/bootinfo.h:42
	include/sys/bootinfo.h:45
	include/sys/bootinfo.h:46
	include/sys/bootinfo.h:47
	include/sys/bootinfo.h:48
	include/sys/bootinfo.h:49
	include/sys/bootinfo.h:67
	include/sys/class.h:195
	include/sys/class.h:196
	include/sys/class.h:197
	include/sys/scheduler.h:38
	include/sys/proc.h:86
	include/sys/proc.h:87
	include/sys/fs.h:43
	include/sys/fs.h:50
	include/sys/fs.h:80
	include/sys/fs.h:88
	include/sys/fs.h:136
	include/sys/fs.h:137
	include/sys/device.h:45
	include/sys/device.h:49
	include/sys/device.h:50
	include/sys/device.h:51
	include/sys/device.h:52
	include/sys/device.h:74
	include/sys/device.h:88
	include/sys/device.h:95
	include/sys/device.h:106
	include/sys/device.h:106
	include/sys/device.h:107
	include/sys/device.h:107
	disk/usr/include/serio/8042kbc.h:44
	disk/usr/include/serio/8042kbc.h:47
	disk/usr/include/serio/8042kbc.h:53
	disk/usr/include/std/elf.h:34
	disk/usr/include/std/elf.h:36
	disk/usr/include/std/elf.h:38
	disk/usr/include/fs/tmpfs.h:36
	disk/usr/include/fs/tmpfs.h:37
	disk/usr/include/fs/tmpfs.h:60
	disk/usr/include/fs/diskfs.h:40
	disk/usr/include/fs/diskfs.h:41
	disk/usr/include/fs/diskfs.h:42
	disk/usr/include/fs/diskfs.h:46
	disk/usr/include/fs/diskfs.h:91
	disk/usr/include/fs/diskfs.h:101
	disk/usr/include/fs/diskfs.h:159
	disk/usr/include/i386/page.h:72
	disk/usr/include/i386/page.h:78
	disk/usr/include/i386/page.h:79
	disk/usr/include/i386/page.h:80
	disk/usr/include/i386/asm.h:69
	disk/usr/include/i386/asm.h:102
	disk/usr/include/i386/asm.h:110
	disk/usr/include/i386/asm.h:118
	disk/usr/include/i386/asm.h:126
	disk/usr/include/i386/asm.h:144
	disk/usr/include/i386/asm.h:152
	disk/usr/include/i386/type.h:39
	disk/usr/include/i386/type.h:42
	disk/usr/include/i386/stack.h:108
	disk/usr/include/i386/stack.h:109
	disk/usr/include/i386/stack.h:110
	disk/usr/include/i386/stack.h:111
	disk/usr/include/i386/stack.h:112
	disk/usr/include/i386/stack.h:113
	disk/usr/include/i386/stack.h:114
	disk/usr/include/i386/stack.h:115
	disk/usr/include/i386/stack.h:117
	disk/usr/include/i386/stack.h:119
	disk/usr/include/i386/stack.h:120
	disk/usr/include/i386/stack.h:121
	disk/usr/include/i386/stack.h:122
	disk/usr/include/i386/stack.h:123
	disk/usr/include/i386/protect.h:146
	disk/usr/include/i386/protect.h:147
	disk/usr/include/i386/protect.h:148
	disk/usr/include/i386/protect.h:149
	disk/usr/include/i386/protect.h:150
	disk/usr/include/i386/protect.h:151
	disk/usr/include/i386/protect.h:152
	disk/usr/include/i386/protect.h:153
	disk/usr/include/i386/protect.h:154
	disk/usr/include/i386/protect.h:155
	disk/usr/include/i386/protect.h:156
	disk/usr/include/i386/protect.h:157
	disk/usr/include/i386/protect.h:158
	disk/usr/include/pic/8259A.h:33
	disk/usr/include/pic/8259A.h:37
	disk/usr/include/pic/8259A.h:38
	disk/usr/include/mem/ramdisk.h:32
	disk/usr/include/mem/ramdisk.h:33
	disk/usr/include/lib/string.h:37
	disk/usr/include/lib/linkedlist.h:36
	disk/usr/include/sys/mm.h:41
	disk/usr/include/sys/mm.h:42
	disk/usr/include/sys/mm.h:74
	disk/usr/include/sys/mm.h:75
	disk/usr/include/sys/mm.h:81
	disk/usr/include/sys/mm.h:87
	disk/usr/include/sys/mm.h:98
	disk/usr/include/sys/mm.h:99
	disk/usr/include/sys/mm.h:105
	disk/usr/include/sys/mm.h:106
	disk/usr/include/sys/mm.h:107
	disk/usr/include/sys/mm.h:124
	disk/usr/include/sys/resource.h:42
	disk/usr/include/sys/resource.h:45
	disk/usr/include/sys/resource.h:46
	disk/usr/include/sys/resource.h:49
	disk/usr/include/sys/resource.h:50
	disk/usr/include/sys/resource.h:53
	disk/usr/include/sys/resource.h:54
	disk/usr/include/sys/resource.h:57
	disk/usr/include/sys/resource.h:58
	disk/usr/include/sys/resource.h:65
	disk/usr/include/sys/bootinfo.h:42
	disk/usr/include/sys/bootinfo.h:45
	disk/usr/include/sys/bootinfo.h:46
	disk/usr/include/sys/bootinfo.h:47
	disk/usr/include/sys/bootinfo.h:48
	disk/usr/include/sys/bootinfo.h:49
	disk/usr/include/sys/bootinfo.h:67
	disk/usr/include/sys/class.h:195
	disk/usr/include/sys/class.h:196
	disk/usr/include/sys/class.h:197
	disk/usr/include/sys/scheduler.h:38
	disk/usr/include/sys/proc.h:86
	disk/usr/include/sys/proc.h:87
	disk/usr/include/sys/fs.h:43
	disk/usr/include/sys/fs.h:50
	disk/usr/include/sys/fs.h:80
	disk/usr/include/sys/fs.h:88
	disk/usr/include/sys/fs.h:136
	disk/usr/include/sys/fs.h:137
	disk/usr/include/sys/device.h:45
	disk/usr/include/sys/device.h:49
	disk/usr/include/sys/device.h:50
	disk/usr/include/sys/device.h:51
	disk/usr/include/sys/device.h:52
	disk/usr/include/sys/device.h:74
	disk/usr/include/sys/device.h:88
	disk/usr/include/sys/device.h:95
	disk/usr/include/sys/device.h:106
	disk/usr/include/sys/device.h:106
	disk/usr/include/sys/device.h:107
	disk/usr/include/sys/device.h:107
	kernel/klib/string.c:33
	kernel/klib/string.c:41
	kernel/klib/linkedlist.c:73
	kernel/klib/linkedlist.c:73
	kernel/drivers/resource.c:33
	kernel/drivers/resource.c:33
	kernel/drivers/resource.c:33
	kernel/drivers/resource.c:34
	kernel/drivers/resource.c:34
	kernel/drivers/resource.c:42
	kernel/drivers/resource.c:42
	kernel/drivers/resource.c:48
	kernel/drivers/resource.c:52
	kernel/drivers/resource.c:52
	kernel/drivers/resource.c:52
	kernel/drivers/resource.c:52
	kernel/drivers/resource.c:52
	kernel/drivers/resource.c:58
	kernel/drivers/resource.c:60
	kernel/drivers/device.c:62
	kernel/drivers/device.c:68
	kernel/drivers/device.c:80
	kernel/drivers/device.c:80
	kernel/drivers/device.c:100
	kernel/drivers/device.c:105
	kernel/drivers/device.c:152
	kernel/drivers/device.c:152
	kernel/drivers/device.c:166
	kernel/drivers/device.c:166
	kernel/drivers/device.c:180
	kernel/drivers/device.c:180
	kernel/drivers/device.c:194
	kernel/drivers/device.c:194
	kernel/drivers/keyboard/ps2.c:43
	kernel/drivers/keyboard/ps2.c:44
	kernel/drivers/keyboard/ps2.c:44
	kernel/drivers/keyboard/ps2.c:45
	kernel/drivers/keyboard/ps2.c:45
	kernel/drivers/keyboard/ps2.c:46
	kernel/drivers/keyboard/ps2.c:46
	kernel/drivers/keyboard/ps2.c:47
	kernel/drivers/keyboard/ps2.c:47
	kernel/drivers/keyboard/ps2.c:67
	kernel/drivers/keyboard/ps2.c:68
	kernel/drivers/keyboard/ps2.c:69
	kernel/drivers/keyboard/ps2.c:71
	kernel/drivers/keyboard/ps2.c:72
	kernel/drivers/keyboard/ps2.c:73
	kernel/drivers/keyboard/ps2.c:74
	kernel/drivers/keyboard/ps2.c:76
	kernel/drivers/keyboard/ps2.c:179
	kernel/drivers/keyboard/ps2.c:180
	kernel/drivers/keyboard/ps2.c:181
	kernel/drivers/keyboard/ps2.c:216
	kernel/drivers/keyboard/ps2.c:217
	kernel/drivers/keyboard/ps2.c:218
	kernel/drivers/keyboard/ps2.c:370
	kernel/drivers/keyboard/ps2.c:374
	kernel/drivers/keyboard/ps2.c:407
	kernel/drivers/keyboard/ps2.c:407
	kernel/drivers/keyboard/ps2.c:411
	kernel/drivers/keyboard/ps2.c:411
	kernel/drivers/keyboard/ps2.c:415
	kernel/drivers/keyboard/ps2.c:415
	kernel/drivers/keyboard/ps2.c:419
	kernel/drivers/keyboard/ps2.c:419
	kernel/drivers/serio/8042kbc.c:41
	kernel/drivers/serio/8042kbc.c:42
	kernel/drivers/serio/8042kbc.c:42
	kernel/drivers/serio/8042kbc.c:43
	kernel/drivers/serio/8042kbc.c:43
	kernel/drivers/serio/8042kbc.c:44
	kernel/drivers/serio/8042kbc.c:44
	kernel/drivers/serio/8042kbc.c:45
	kernel/drivers/serio/8042kbc.c:45
	kernel/drivers/serio/8042kbc.c:65
	kernel/drivers/serio/8042kbc.c:66
	kernel/drivers/serio/8042kbc.c:67
	kernel/drivers/serio/8042kbc.c:68
	kernel/drivers/serio/8042kbc.c:239
	kernel/drivers/serio/8042kbc.c:248
	kernel/drivers/serio/8042kbc.c:249
	kernel/drivers/serio/8042kbc.c:377
	kernel/drivers/serio/8042kbc.c:392
	kernel/drivers/serio/8042kbc.c:392
	kernel/drivers/serio/8042kbc.c:407
	kernel/drivers/serio/8042kbc.c:410
	kernel/drivers/serio/8042kbc.c:415
	kernel/drivers/serio/8042kbc.c:437
	kernel/drivers/serio/8042kbc.c:437
	kernel/drivers/serio/8042kbc.c:441
	kernel/drivers/serio/8042kbc.c:441
	kernel/drivers/serio/8042kbc.c:445
	kernel/drivers/serio/8042kbc.c:445
	kernel/drivers/serio/8042kbc.c:461
	kernel/drivers/serio/8042kbc.c:461
	kernel/drivers/machine/machine.c:38
	kernel/drivers/machine/machine.c:39
	kernel/drivers/machine/machine.c:39
	kernel/drivers/machine/machine.c:40
	kernel/drivers/machine/machine.c:40
	kernel/drivers/machine/machine.c:41
	kernel/drivers/machine/machine.c:41
	kernel/drivers/machine/machine.c:42
	kernel/drivers/machine/machine.c:42
	kernel/drivers/machine/machine.c:65
	kernel/drivers/machine/machine.c:71
	kernel/drivers/machine/machine.c:71
	kernel/drivers/machine/machine.c:75
	kernel/drivers/machine/machine.c:75
	kernel/drivers/machine/machine.c:79
	kernel/drivers/machine/machine.c:79
	kernel/drivers/genesis/root.c:39
	kernel/drivers/genesis/root.c:40
	kernel/drivers/genesis/root.c:40
	kernel/drivers/genesis/root.c:41
	kernel/drivers/genesis/root.c:41
	kernel/drivers/genesis/root.c:42
	kernel/drivers/genesis/root.c:42
	kernel/drivers/genesis/root.c:43
	kernel/drivers/genesis/root.c:43
	kernel/drivers/genesis/root.c:66
	kernel/drivers/genesis/root.c:96
	kernel/drivers/genesis/root.c:96
	kernel/drivers/genesis/root.c:100
	kernel/drivers/genesis/root.c:100
	kernel/drivers/genesis/root.c:104
	kernel/drivers/genesis/root.c:104
	kernel/drivers/genesis/root.c:108
	kernel/drivers/genesis/root.c:108
	kernel/drivers/timer/8253.c:42
	kernel/drivers/timer/8253.c:43
	kernel/drivers/timer/8253.c:43
	kernel/drivers/timer/8253.c:44
	kernel/drivers/timer/8253.c:44
	kernel/drivers/timer/8253.c:45
	kernel/drivers/timer/8253.c:45
	kernel/drivers/timer/8253.c:46
	kernel/drivers/timer/8253.c:46
	kernel/drivers/timer/8253.c:95
	kernel/drivers/timer/8253.c:96
	kernel/drivers/timer/8253.c:102
	kernel/drivers/timer/8253.c:110
	kernel/drivers/timer/8253.c:126
	kernel/drivers/timer/8253.c:129
	kernel/drivers/timer/8253.c:135
	kernel/drivers/timer/8253.c:214
	kernel/drivers/timer/8253.c:214
	kernel/drivers/timer/8253.c:218
	kernel/drivers/timer/8253.c:218
	kernel/drivers/timer/8253.c:222
	kernel/drivers/timer/8253.c:222
	kernel/drivers/timer/8253.c:226
	kernel/drivers/timer/8253.c:226
	kernel/drivers/timer/8253.c:229
	kernel/drivers/timer/8253.c:230
	kernel/drivers/timer/8253.c:248
	kernel/drivers/video/vga.c:40
	kernel/drivers/video/vga.c:41
	kernel/drivers/video/vga.c:41
	kernel/drivers/video/vga.c:42
	kernel/drivers/video/vga.c:42
	kernel/drivers/video/vga.c:43
	kernel/drivers/video/vga.c:43
	kernel/drivers/video/vga.c:44
	kernel/drivers/video/vga.c:44
	kernel/drivers/video/vga.c:106
	kernel/drivers/video/vga.c:107
	kernel/drivers/video/vga.c:108
	kernel/drivers/video/vga.c:109
	kernel/drivers/video/vga.c:110
	kernel/drivers/video/vga.c:561
	kernel/drivers/video/vga.c:608
	kernel/drivers/video/vga.c:608
	kernel/drivers/video/vga.c:612
	kernel/drivers/video/vga.c:612
	kernel/drivers/video/vga.c:616
	kernel/drivers/video/vga.c:616
	kernel/drivers/video/vga.c:619
	kernel/drivers/video/vga.c:622
	kernel/drivers/video/vga.c:625
	kernel/drivers/video/vga.c:628
	kernel/drivers/video/vga.c:636
	kernel/drivers/video/vga.c:636
	kernel/drivers/pic/8259A.c:40
	kernel/drivers/pic/8259A.c:41
	kernel/drivers/pic/8259A.c:41
	kernel/drivers/pic/8259A.c:42
	kernel/drivers/pic/8259A.c:42
	kernel/drivers/pic/8259A.c:43
	kernel/drivers/pic/8259A.c:43
	kernel/drivers/pic/8259A.c:44
	kernel/drivers/pic/8259A.c:44
	kernel/drivers/pic/8259A.c:64
	kernel/drivers/pic/8259A.c:65
	kernel/drivers/pic/8259A.c:66
	kernel/drivers/pic/8259A.c:67
	kernel/drivers/pic/8259A.c:68
	kernel/drivers/pic/8259A.c:94
	kernel/drivers/pic/8259A.c:103
	kernel/drivers/pic/8259A.c:182
	kernel/drivers/pic/8259A.c:182
	kernel/drivers/pic/8259A.c:186
	kernel/drivers/pic/8259A.c:186
	kernel/drivers/pic/8259A.c:190
	kernel/drivers/pic/8259A.c:190
	kernel/drivers/pic/8259A.c:217
	kernel/drivers/pic/8259A.c:217
	kernel/drivers/tty/vtty.c:44
	kernel/drivers/tty/vtty.c:45
	kernel/drivers/tty/vtty.c:45
	kernel/drivers/tty/vtty.c:46
	kernel/drivers/tty/vtty.c:46
	kernel/drivers/tty/vtty.c:47
	kernel/drivers/tty/vtty.c:47
	kernel/drivers/tty/vtty.c:48
	kernel/drivers/tty/vtty.c:48
	kernel/drivers/tty/vtty.c:146
	kernel/drivers/tty/vtty.c:152
	kernel/drivers/tty/vtty.c:152
	kernel/drivers/tty/vtty.c:167
	kernel/drivers/tty/vtty.c:167
	kernel/drivers/tty/vtty.c:174
	kernel/drivers/tty/vtty.c:174
	kernel/drivers/tty/vtty.c:224
	kernel/drivers/tty/vtty.c:224
	kernel/drivers/mem/mem.c:43
	kernel/drivers/mem/mem.c:44
	kernel/drivers/mem/mem.c:44
	kernel/drivers/mem/mem.c:45
	kernel/drivers/mem/mem.c:45
	kernel/drivers/mem/mem.c:46
	kernel/drivers/mem/mem.c:46
	kernel/drivers/mem/mem.c:47
	kernel/drivers/mem/mem.c:47
	kernel/drivers/mem/mem.c:70
	kernel/drivers/mem/mem.c:92
	kernel/drivers/mem/mem.c:92
	kernel/drivers/mem/mem.c:96
	kernel/drivers/mem/mem.c:96
	kernel/drivers/mem/mem.c:100
	kernel/drivers/mem/mem.c:100
	kernel/drivers/mem/mem.c:104
	kernel/drivers/mem/mem.c:104
	kernel/drivers/mem/ramdisk.c:40
	kernel/drivers/mem/ramdisk.c:41
	kernel/drivers/mem/ramdisk.c:41
	kernel/drivers/mem/ramdisk.c:42
	kernel/drivers/mem/ramdisk.c:42
	kernel/drivers/mem/ramdisk.c:43
	kernel/drivers/mem/ramdisk.c:43
	kernel/drivers/mem/ramdisk.c:44
	kernel/drivers/mem/ramdisk.c:44
	kernel/drivers/mem/ramdisk.c:64
	kernel/drivers/mem/ramdisk.c:65
	kernel/drivers/mem/ramdisk.c:72
	kernel/drivers/mem/ramdisk.c:74
	kernel/drivers/mem/ramdisk.c:77
	kernel/drivers/mem/ramdisk.c:89
	kernel/drivers/mem/ramdisk.c:89
	kernel/drivers/mem/ramdisk.c:98
	kernel/drivers/mem/ramdisk.c:105
	kernel/drivers/mem/ramdisk.c:105
	kernel/drivers/mem/ramdisk.c:114
	kernel/drivers/mem/ramdisk.c:121
	kernel/drivers/mem/ramdisk.c:121
	kernel/drivers/mem/ramdisk.c:125
	kernel/drivers/mem/ramdisk.c:125
	kernel/fs/exec.c:79
	kernel/fs/exec.c:79
	kernel/fs/exec.c:127
	kernel/fs/exec.c:212
	kernel/fs/exec.c:215
	kernel/fs/ioctl.c:37
	kernel/fs/ioctl.c:54
	kernel/fs/diskfs.c:148
	kernel/fs/diskfs.c:200
	kernel/fs/super.c:66
	kernel/fs/super.c:69
	kernel/fs/init.c:33
	kernel/fs/namei.c:390
	kernel/fs/inode.c:49
	kernel/fs/inode.c:49
	kernel/include/serio/8042kbc.h:44
	kernel/include/serio/8042kbc.h:47
	kernel/include/serio/8042kbc.h:53
	kernel/include/std/elf.h:34
	kernel/include/std/elf.h:36
	kernel/include/std/elf.h:38
	kernel/include/fs/tmpfs.h:36
	kernel/include/fs/tmpfs.h:37
	kernel/include/fs/tmpfs.h:60
	kernel/include/fs/diskfs.h:40
	kernel/include/fs/diskfs.h:41
	kernel/include/fs/diskfs.h:42
	kernel/include/fs/diskfs.h:46
	kernel/include/fs/diskfs.h:91
	kernel/include/fs/diskfs.h:101
	kernel/include/fs/diskfs.h:159
	kernel/include/i386/page.h:72
	kernel/include/i386/page.h:78
	kernel/include/i386/page.h:79
	kernel/include/i386/page.h:80
	kernel/include/i386/asm.h:69
	kernel/include/i386/asm.h:102
	kernel/include/i386/asm.h:110
	kernel/include/i386/asm.h:118
	kernel/include/i386/asm.h:126
	kernel/include/i386/asm.h:144
	kernel/include/i386/asm.h:152
	kernel/include/i386/type.h:39
	kernel/include/i386/type.h:42
	kernel/include/i386/stack.h:108
	kernel/include/i386/stack.h:109
	kernel/include/i386/stack.h:110
	kernel/include/i386/stack.h:111
	kernel/include/i386/stack.h:112
	kernel/include/i386/stack.h:113
	kernel/include/i386/stack.h:114
	kernel/include/i386/stack.h:115
	kernel/include/i386/stack.h:117
	kernel/include/i386/stack.h:119
	kernel/include/i386/stack.h:120
	kernel/include/i386/stack.h:121
	kernel/include/i386/stack.h:122
	kernel/include/i386/stack.h:123
	kernel/include/i386/protect.h:146
	kernel/include/i386/protect.h:147
	kernel/include/i386/protect.h:148
	kernel/include/i386/protect.h:149
	kernel/include/i386/protect.h:150
	kernel/include/i386/protect.h:151
	kernel/include/i386/protect.h:152
	kernel/include/i386/protect.h:153
	kernel/include/i386/protect.h:154
	kernel/include/i386/protect.h:155
	kernel/include/i386/protect.h:156
	kernel/include/i386/protect.h:157
	kernel/include/i386/protect.h:158
	kernel/include/pic/8259A.h:33
	kernel/include/pic/8259A.h:37
	kernel/include/pic/8259A.h:38
	kernel/include/mem/ramdisk.h:32
	kernel/include/mem/ramdisk.h:33
	kernel/include/lib/string.h:37
	kernel/include/lib/linkedlist.h:36
	kernel/include/sys/mm.h:41
	kernel/include/sys/mm.h:42
	kernel/include/sys/mm.h:74
	kernel/include/sys/mm.h:75
	kernel/include/sys/mm.h:81
	kernel/include/sys/mm.h:87
	kernel/include/sys/mm.h:98
	kernel/include/sys/mm.h:99
	kernel/include/sys/mm.h:105
	kernel/include/sys/mm.h:106
	kernel/include/sys/mm.h:107
	kernel/include/sys/mm.h:124
	kernel/include/sys/resource.h:42
	kernel/include/sys/resource.h:45
	kernel/include/sys/resource.h:46
	kernel/include/sys/resource.h:49
	kernel/include/sys/resource.h:50
	kernel/include/sys/resource.h:53
	kernel/include/sys/resource.h:54
	kernel/include/sys/resource.h:57
	kernel/include/sys/resource.h:58
	kernel/include/sys/resource.h:65
	kernel/include/sys/bootinfo.h:42
	kernel/include/sys/bootinfo.h:45
	kernel/include/sys/bootinfo.h:46
	kernel/include/sys/bootinfo.h:47
	kernel/include/sys/bootinfo.h:48
	kernel/include/sys/bootinfo.h:49
	kernel/include/sys/bootinfo.h:67
	kernel/include/sys/class.h:195
	kernel/include/sys/class.h:196
	kernel/include/sys/class.h:197
	kernel/include/sys/scheduler.h:38
	kernel/include/sys/proc.h:86
	kernel/include/sys/proc.h:87
	kernel/include/sys/fs.h:43
	kernel/include/sys/fs.h:50
	kernel/include/sys/fs.h:80
	kernel/include/sys/fs.h:88
	kernel/include/sys/fs.h:136
	kernel/include/sys/fs.h:137
	kernel/include/sys/device.h:45
	kernel/include/sys/device.h:49
	kernel/include/sys/device.h:50
	kernel/include/sys/device.h:51
	kernel/include/sys/device.h:52
	kernel/include/sys/device.h:74
	kernel/include/sys/device.h:88
	kernel/include/sys/device.h:95
	kernel/include/sys/device.h:106
	kernel/include/sys/device.h:106
	kernel/include/sys/device.h:107
	kernel/include/sys/device.h:107
	kernel/init/splash.c:33
	kernel/proc/scheduler.c:33
	kernel/mm/kmem.c:44
	kernel/mm/kmem.c:63
	kernel/mm/kmem.c:69
	kernel/mm/kmem.c:69
	kernel/mm/kmem.c:77
	kernel/mm/kmem.c:79
	kernel/mm/kmem.c:90
	kernel/mm/kmem.c:93
	kernel/mm/kmem.c:104
	kernel/mm/kmem.c:123
	kernel/mm/kmem.c:129
	kernel/mm/umem.c:57
	kernel/mm/umem.c:108
	kernel/mm/umem.c:108
	kernel/mm/umem.c:108
	kernel/mm/umem.c:109
	kernel/mm/umem.c:109
	kernel/mm/umem.c:112
	kernel/mm/umem.c:207
	kernel/mm/umem.c:207
	kernel/mm/umem.c:213
	kernel/mm/pmem.c:43
	kernel/mm/pmem.c:44
	kernel/mm/pmem.c:47
	kernel/mm/pmem.c:57
	kernel/mm/pmem.c:65
	kernel/mm/pmem.c:65
	kernel/mm/pmem.c:66
	kernel/mm/pmem.c:66
	kernel/mm/pmem.c:80
	kernel/mm/pmem.c:92
	kernel/mm/pmem.c:92
	kernel/mm/pmem.c:93
	kernel/mm/pmem.c:93
	kernel/mm/pmem.c:107
	kernel/mm/pmem.c:117
	kernel/mm/pmem.c:132
	kernel/mm/pmem.c:132
	kernel/mm/pmem.c:133
	kernel/mm/pmem.c:141
	kernel/mm/pmem.c:144
	kernel/mm/pmem.c:144
	kernel/arch/irq.c:54
	kernel/arch/irq.c:62
	kernel/arch/irq.c:67
	kernel/arch/irq.c:80
	kernel/arch/irq.c:80
	kernel/arch/irq.c:80
	kernel/arch/irq.c:101
	kernel/arch/irq.c:109
	kernel/arch/irq.c:131
	kernel/arch/irq.c:163
	kernel/arch/page.c:42
	kernel/arch/page.c:45
	kernel/arch/page.c:48
	kernel/arch/page.c:51
	kernel/arch/page.c:61
	kernel/arch/page.c:62
	kernel/arch/page.c:63
	kernel/arch/page.c:85
	kernel/arch/page.c:89
	kernel/arch/page.c:109
	kernel/arch/page.c:113
	kernel/arch/page.c:154
	kernel/arch/page.c:162
	kernel/arch/page.c:162
	kernel/arch/page.c:163
	kernel/arch/page.c:168
	kernel/arch/page.c:173
	kernel/arch/page.c:173
	kernel/arch/page.c:174
	kernel/arch/page.c:181
	kernel/arch/page.c:181
	kernel/arch/page.c:183
	kernel/arch/page.c:187
	kernel/arch/page.c:187
	kernel/arch/page.c:191
	kernel/arch/page.c:192
	kernel/arch/page.c:200
	kernel/arch/page.c:200
	kernel/arch/page.c:201
	kernel/arch/page.c:201
	kernel/arch/page.c:203
	kernel/arch/page.c:204
	kernel/arch/page.c:206
	kernel/arch/page.c:207
	kernel/arch/page.c:209
	kernel/arch/page.c:225
	kernel/arch/page.c:258
	kernel/arch/page.c:258
	kernel/arch/page.c:258
	kernel/arch/page.c:265
	kernel/arch/page.c:273
	kernel/arch/page.c:285
	kernel/arch/page.c:287
	kernel/arch/page.c:297
	kernel/arch/page.c:315
	kernel/arch/page.c:321
	kernel/arch/page.c:329
	kernel/arch/page.c:358
	kernel/arch/page.c:358
	kernel/arch/page.c:362
	kernel/arch/page.c:371
	kernel/arch/page.c:384
	kernel/arch/page.c:388
	kernel/arch/page.c:398
	kernel/arch/page.c:413
	kernel/arch/page.c:455
	kernel/arch/page.c:476
	kernel/arch/page.c:481
	kernel/arch/page.c:498
	kernel/arch/proc.c:62
	kernel/arch/proc.c:63
	kernel/arch/proc.c:64
	kernel/arch/proc.c:73
	kernel/arch/protect.c:67
	kernel/arch/protect.c:77
	kernel/arch/protect.c:87
	kernel/arch/protect.c:115
	kernel/arch/protect.c:127
	kernel/arch/protect.c:128
	kernel/arch/protect.c:132
	kernel/arch/panic.c:38
	kernel/arch/panic.c:39
	kernel/arch/panic.c:48
	kernel/arch/ibmpc.c:85
	kernel/arch/ibmpc.c:86
	kernel/arch/ibmpc.c:87
	kernel/arch/ibmpc.c:132
	kernel/arch/ibmpc.c:243
	kernel/arch/ibmpc.c:253
	kernel/arch/exception.c:48
	kernel/arch/exception.c:108
	kernel/arch/svc.c:75
	kernel/core/printk.c:51
	kernel/core/printk.c:52
	kernel/core/printk.c:58
	kernel/core/printk.c:64
	kernel/core/printk.c:64
	kernel/core/printk.c:66
	kernel/core/printk.c:102
	kernel/core/printk.c:104
	format/format.c:42
	format/format.c:111
	format/format.c:114
	format/format.c:205
autoscan: warning: missing AC_TYPE_UINT64_T wanted by: 
	boot/bootinfo.c:47
	boot/bootinfo.c:48
	boot/cpu.c:32
	boot/cpu.c:57
	boot/cpu.c:88
	boot/iso9660.c:66
	include/fs/tmpfs.h:38
	include/fs/diskfs.h:39
	include/timer/8253.h:34
	include/i386/type.h:40
	include/sys/mm.h:90
	include/sys/mm.h:97
	include/sys/mm.h:120
	include/sys/bootinfo.h:35
	include/sys/bootinfo.h:36
	include/sys/scheduler.h:39
	include/sys/fs.h:81
	include/sys/fs.h:82
	include/sys/fs.h:83
	include/sys/fs.h:138
	include/sys/fs.h:139
	include/sys/device.h:49
	include/sys/device.h:50
	include/sys/device.h:106
	include/sys/device.h:107
	disk/usr/include/fs/tmpfs.h:38
	disk/usr/include/fs/diskfs.h:39
	disk/usr/include/timer/8253.h:34
	disk/usr/include/i386/type.h:40
	disk/usr/include/sys/mm.h:90
	disk/usr/include/sys/mm.h:97
	disk/usr/include/sys/mm.h:120
	disk/usr/include/sys/bootinfo.h:35
	disk/usr/include/sys/bootinfo.h:36
	disk/usr/include/sys/scheduler.h:39
	disk/usr/include/sys/fs.h:81
	disk/usr/include/sys/fs.h:82
	disk/usr/include/sys/fs.h:83
	disk/usr/include/sys/fs.h:138
	disk/usr/include/sys/fs.h:139
	disk/usr/include/sys/device.h:49
	disk/usr/include/sys/device.h:50
	disk/usr/include/sys/device.h:106
	disk/usr/include/sys/device.h:107
	kernel/drivers/device.c:152
	kernel/drivers/device.c:166
	kernel/drivers/keyboard/ps2.c:44
	kernel/drivers/keyboard/ps2.c:45
	kernel/drivers/keyboard/ps2.c:407
	kernel/drivers/keyboard/ps2.c:411
	kernel/drivers/serio/8042kbc.c:42
	kernel/drivers/serio/8042kbc.c:43
	kernel/drivers/serio/8042kbc.c:98
	kernel/drivers/serio/8042kbc.c:437
	kernel/drivers/serio/8042kbc.c:441
	kernel/drivers/machine/machine.c:39
	kernel/drivers/machine/machine.c:40
	kernel/drivers/machine/machine.c:71
	kernel/drivers/machine/machine.c:75
	kernel/drivers/genesis/root.c:40
	kernel/drivers/genesis/root.c:41
	kernel/drivers/genesis/root.c:96
	kernel/drivers/genesis/root.c:100
	kernel/drivers/timer/8253.c:43
	kernel/drivers/timer/8253.c:44
	kernel/drivers/timer/8253.c:98
	kernel/drivers/timer/8253.c:99
	kernel/drivers/timer/8253.c:214
	kernel/drivers/timer/8253.c:218
	kernel/drivers/video/vga.c:41
	kernel/drivers/video/vga.c:42
	kernel/drivers/video/vga.c:608
	kernel/drivers/video/vga.c:612
	kernel/drivers/pic/8259A.c:41
	kernel/drivers/pic/8259A.c:42
	kernel/drivers/pic/8259A.c:182
	kernel/drivers/pic/8259A.c:186
	kernel/drivers/tty/vtty.c:45
	kernel/drivers/tty/vtty.c:46
	kernel/drivers/tty/vtty.c:152
	kernel/drivers/tty/vtty.c:167
	kernel/drivers/mem/mem.c:44
	kernel/drivers/mem/mem.c:45
	kernel/drivers/mem/mem.c:92
	kernel/drivers/mem/mem.c:96
	kernel/drivers/mem/ramdisk.c:41
	kernel/drivers/mem/ramdisk.c:42
	kernel/drivers/mem/ramdisk.c:89
	kernel/drivers/mem/ramdisk.c:105
	kernel/include/fs/tmpfs.h:38
	kernel/include/fs/diskfs.h:39
	kernel/include/timer/8253.h:34
	kernel/include/i386/type.h:40
	kernel/include/sys/mm.h:90
	kernel/include/sys/mm.h:97
	kernel/include/sys/mm.h:120
	kernel/include/sys/bootinfo.h:35
	kernel/include/sys/bootinfo.h:36
	kernel/include/sys/scheduler.h:39
	kernel/include/sys/fs.h:81
	kernel/include/sys/fs.h:82
	kernel/include/sys/fs.h:83
	kernel/include/sys/fs.h:138
	kernel/include/sys/fs.h:139
	kernel/include/sys/device.h:49
	kernel/include/sys/device.h:50
	kernel/include/sys/device.h:106
	kernel/include/sys/device.h:107
	kernel/proc/scheduler.c:34
	kernel/mm/umem.c:109
	kernel/mm/pmem.c:169
	kernel/mm/pmem.c:170
	kernel/mm/pmem.c:171
	kernel/mm/pmem.c:190
	kernel/mm/pmem.c:191
	kernel/mm/pmem.c:192
	kernel/core/printk.c:41
	format/format.c:43
	format/format.c:54
	format/format.c:55
autoscan: warning: missing AC_TYPE_UINT8_T wanted by: 
	boot/diskfs.c:34
	boot/diskfs.c:34
	boot/diskfs.c:51
	boot/diskfs.c:51
	boot/diskfs.c:70
	boot/diskfs.c:119
	boot/a20.c:38
	boot/a20.c:42
	boot/a20.c:55
	boot/a20.c:63
	boot/a20.c:90
	boot/gunzip.c:38
	boot/gunzip.c:40
	boot/gunzip.c:44
	boot/gunzip.c:65
	boot/gunzip.c:69
	boot/gunzip.c:71
	boot/gunzip.c:107
	boot/gunzip.c:125
	boot/gunzip.c:566
	boot/gunzip.c:615
	boot/gunzip.c:616
	boot/gunzip.c:617
	boot/gunzip.c:624
	boot/gunzip.c:626
	boot/gunzip.c:627
	boot/gunzip.c:628
	boot/gunzip.c:663
	boot/printf.c:32
	boot/printf.c:32
	boot/printf.c:33
	boot/printf.c:188
	boot/printf.c:195
	boot/printf.c:203
	boot/printf.c:204
	boot/printf.c:205
	boot/printf.c:207
	boot/printf.c:208
	boot/printf.c:209
	boot/printf.c:210
	boot/printf.c:211
	boot/printf.c:218
	boot/printf.c:221
	boot/printf.c:336
	boot/iso9660.c:31
	boot/iso9660.c:33
	boot/iso9660.c:33
	boot/iso9660.c:34
	boot/iso9660.c:34
	boot/iso9660.c:37
	boot/iso9660.c:38
	boot/iso9660.c:43
	boot/iso9660.c:44
	boot/iso9660.c:45
	boot/iso9660.c:46
	boot/iso9660.c:49
	boot/iso9660.c:50
	boot/iso9660.c:61
	boot/iso9660.c:62
	boot/iso9660.c:72
	boot/iso9660.c:72
	boot/iso9660.c:73
	boot/iso9660.c:73
	include/serio/8042kbc.h:45
	include/serio/8042kbc.h:46
	include/serio/8042kbc.h:48
	include/std/elf.h:60
	include/std/elf.h:176
	include/std/elf.h:178
	include/fs/tmpfs.h:43
	include/timer/8253.h:35
	include/timer/8253.h:36
	include/i386/asm.h:49
	include/i386/asm.h:85
	include/i386/type.h:37
	include/i386/stack.h:158
	include/pic/8259A.h:39
	include/sys/scheduler.h:40
	include/sys/proc.h:79
	disk/usr/include/serio/8042kbc.h:45
	disk/usr/include/serio/8042kbc.h:46
	disk/usr/include/serio/8042kbc.h:48
	disk/usr/include/std/elf.h:60
	disk/usr/include/std/elf.h:176
	disk/usr/include/std/elf.h:178
	disk/usr/include/fs/tmpfs.h:43
	disk/usr/include/timer/8253.h:35
	disk/usr/include/timer/8253.h:36
	disk/usr/include/i386/asm.h:49
	disk/usr/include/i386/asm.h:85
	disk/usr/include/i386/type.h:37
	disk/usr/include/i386/stack.h:158
	disk/usr/include/pic/8259A.h:39
	disk/usr/include/sys/scheduler.h:40
	disk/usr/include/sys/proc.h:79
	kernel/drivers/resource.c:38
	kernel/drivers/resource.c:38
	kernel/drivers/resource.c:44
	kernel/drivers/resource.c:56
	kernel/drivers/keyboard/ps2.c:144
	kernel/drivers/keyboard/ps2.c:146
	kernel/drivers/keyboard/ps2.c:158
	kernel/drivers/keyboard/ps2.c:176
	kernel/drivers/keyboard/ps2.c:204
	kernel/drivers/keyboard/ps2.c:229
	kernel/drivers/keyboard/ps2.c:236
	kernel/drivers/keyboard/ps2.c:243
	kernel/drivers/keyboard/ps2.c:250
	kernel/drivers/keyboard/ps2.c:257
	kernel/drivers/keyboard/ps2.c:264
	kernel/drivers/keyboard/ps2.c:271
	kernel/drivers/keyboard/ps2.c:278
	kernel/drivers/keyboard/ps2.c:282
	kernel/drivers/keyboard/ps2.c:284
	kernel/drivers/keyboard/ps2.c:316
	kernel/drivers/serio/8042kbc.c:85
	kernel/drivers/serio/8042kbc.c:250
	kernel/drivers/timer/8253.c:91
	kernel/drivers/timer/8253.c:100
	kernel/drivers/timer/8253.c:101
	kernel/drivers/timer/8253.c:110
	kernel/drivers/timer/8253.c:228
	kernel/drivers/video/vga.c:113
	kernel/drivers/video/vga.c:117
	kernel/drivers/video/vga.c:121
	kernel/drivers/video/vga.c:121
	kernel/drivers/video/vga.c:126
	kernel/drivers/video/vga.c:126
	kernel/drivers/video/vga.c:131
	kernel/drivers/video/vga.c:131
	kernel/drivers/video/vga.c:136
	kernel/drivers/video/vga.c:136
	kernel/drivers/video/vga.c:141
	kernel/drivers/video/vga.c:141
	kernel/drivers/video/vga.c:146
	kernel/drivers/video/vga.c:146
	kernel/drivers/video/vga.c:151
	kernel/drivers/video/vga.c:151
	kernel/drivers/video/vga.c:158
	kernel/drivers/video/vga.c:158
	kernel/drivers/video/vga.c:171
	kernel/drivers/video/vga.c:171
	kernel/drivers/video/vga.c:171
	kernel/drivers/video/vga.c:171
	kernel/drivers/video/vga.c:189
	kernel/drivers/video/vga.c:209
	kernel/drivers/video/vga.c:229
	kernel/drivers/video/vga.c:248
	kernel/drivers/video/vga.c:287
	kernel/drivers/video/vga.c:546
	kernel/drivers/pic/8259A.c:78
	kernel/drivers/pic/8259A.c:84
	kernel/drivers/pic/8259A.c:98
	kernel/drivers/pic/8259A.c:192
	kernel/drivers/tty/vtty.c:177
	kernel/drivers/tty/vtty.c:180
	kernel/fs/diskfs.c:259
	kernel/fs/diskfs.c:346
	kernel/fs/diskfs.c:399
	kernel/fs/diskfs.c:483
	kernel/fs/diskfs.c:568
	kernel/fs/diskfs.c:595
	kernel/fs/diskfs.c:675
	kernel/fs/diskfs.c:779
	kernel/fs/diskfs.c:1461
	kernel/fs/diskfs.c:1468
	kernel/fs/diskfs.c:1549
	kernel/fs/diskfs.c:1561
	kernel/include/serio/8042kbc.h:45
	kernel/include/serio/8042kbc.h:46
	kernel/include/serio/8042kbc.h:48
	kernel/include/std/elf.h:60
	kernel/include/std/elf.h:176
	kernel/include/std/elf.h:178
	kernel/include/fs/tmpfs.h:43
	kernel/include/timer/8253.h:35
	kernel/include/timer/8253.h:36
	kernel/include/i386/asm.h:49
	kernel/include/i386/asm.h:85
	kernel/include/i386/type.h:37
	kernel/include/i386/stack.h:158
	kernel/include/pic/8259A.h:39
	kernel/include/sys/scheduler.h:40
	kernel/include/sys/proc.h:79
	kernel/proc/scheduler.c:35
	kernel/mm/umem.c:58
	kernel/mm/umem.c:60
	kernel/mm/umem.c:64
	kernel/mm/pmem.c:56
	kernel/mm/pmem.c:61
	kernel/mm/pmem.c:76
	kernel/mm/pmem.c:77
	kernel/mm/pmem.c:81
	kernel/mm/pmem.c:82
	kernel/mm/pmem.c:83
	kernel/mm/pmem.c:84
	kernel/mm/pmem.c:87
	kernel/mm/pmem.c:103
	kernel/mm/pmem.c:104
	kernel/mm/pmem.c:108
	kernel/mm/pmem.c:109
	kernel/mm/pmem.c:110
	kernel/mm/pmem.c:111
	kernel/arch/page.c:193
	kernel/arch/page.c:193
	kernel/arch/stack.c:33
	format/format.c:40
	format/format.c:112
	format/format.c:251
	format/format.c:314
	format/format.c:354
